GOTO(0,S) == 1
GOTO(0,E) == 2
GOTO(0,T) == 3
GOTO(0,F) == 4
ACTION(0,() == S5
ACTION(0,a) == S6
ACTION(2,+) == S7
ACTION(3,&) == S8
GOTO(5,E) == 9
GOTO(5,T) == 3
GOTO(5,F) == 4
ACTION(5,() == S5
ACTION(5,a) == S6
GOTO(7,T) == 10
GOTO(7,F) == 4
ACTION(7,() == S5
ACTION(7,a) == S6
GOTO(8,F) == 11
ACTION(8,() == S5
ACTION(8,a) == S6
ACTION(9,)) == S12
ACTION(9,+) == S7
ACTION(10,&) == S8
ACTION(2,$) == R1
ACTION(3,$) == R3
ACTION(3,+) == R3
ACTION(3,)) == R3
ACTION(4,$) == R5
ACTION(4,+) == R5
ACTION(4,&) == R5
ACTION(4,)) == R5
ACTION(6,$) == R7
ACTION(6,+) == R7
ACTION(6,&) == R7
ACTION(6,)) == R7
ACTION(10,$) == R2
ACTION(10,+) == R2
ACTION(10,)) == R2
ACTION(11,$) == R4
ACTION(11,+) == R4
ACTION(11,&) == R4
ACTION(11,)) == R4
ACTION(12,$) == R6
ACTION(12,+) == R6
ACTION(12,&) == R6
ACTION(12,)) == R6
ACTION(1,$) == A
